#
# There is insufficient memory for the Java Runtime Environment to continue.
# Native memory allocation (mmap) failed to map 27262976 bytes for G1 virtual space
# Possible reasons:
#   The system is out of physical RAM or swap space
#   The process is running with CompressedOops enabled, and the Java Heap may be blocking the growth of the native heap
# Possible solutions:
#   Reduce memory load on the system
#   Increase physical memory or swap space
#   Check if swap backing store is full
#   Decrease Java heap size (-Xmx/-Xms)
#   Decrease number of Java threads
#   Decrease Java thread stack sizes (-Xss)
#   Set larger code cache with -XX:ReservedCodeCacheSize=
#   JVM is running with Unscaled Compressed Oops mode in which the Java heap is
#     placed in the first 4GB address space. The Java Heap base address is the
#     maximum limit for the native heap growth. Please use -XX:HeapBaseMinAddress
#     to set the Java Heap base and to place the Java Heap above 4GB virtual address.
# This output file may be truncated or incomplete.
#
#  Out of Memory Error (os_windows.cpp:3548), pid=13108, tid=17440
#
# JRE version: Java(TM) SE Runtime Environment (17.0.12+8) (build 17.0.12+8-LTS-286)
# Java VM: Java HotSpot(TM) 64-Bit Server VM (17.0.12+8-LTS-286, mixed mode, sharing, tiered, compressed oops, compressed class ptrs, g1 gc, windows-amd64)
# No core dump will be written. Minidumps are not enabled by default on client versions of Windows
#

---------------  S U M M A R Y ------------

Command Line: -XX:MaxMetaspaceSize=512m --add-opens=java.base/java.util=ALL-UNNAMED --add-opens=java.base/java.lang=ALL-UNNAMED --add-opens=java.base/java.lang.invoke=ALL-UNNAMED --add-opens=java.prefs/java.util.prefs=ALL-UNNAMED --add-opens=java.base/java.nio.charset=ALL-UNNAMED --add-opens=java.base/java.net=ALL-UNNAMED --add-opens=java.base/java.util.concurrent.atomic=ALL-UNNAMED -Xmx2048m -Dfile.encoding=windows-1252 -Duser.country=ID -Duser.language=en -Duser.variant -javaagent:C:\Users\User\.gradle\wrapper\dists\gradle-8.8-all\6gdy1pgp427xkqcjbxw3ylt6h\gradle-8.8\lib\agents\gradle-instrumentation-agent-8.8.jar org.gradle.launcher.daemon.bootstrap.GradleDaemon 8.8

Host: AMD Ryzen 5 5500U with Radeon Graphics         , 12 cores, 7G,  Windows 11 , 64 bit Build 22621 (10.0.22621.3958)
Time: Sat Oct 12 16:00:14 2024 SE Asia Standard Time elapsed time: 17.700490 seconds (0d 0h 0m 17s)

---------------  T H R E A D  ---------------

Current thread (0x0000028e423b3060):  VMThread "VM Thread" [stack: 0x000000df57f00000,0x000000df58000000] [id=17440]

Stack: [0x000000df57f00000,0x000000df58000000]
Native frames: (J=compiled Java code, j=interpreted, Vv=VM code, C=native code)
V  [jvm.dll+0x67a04a]
V  [jvm.dll+0x7da4ed]
V  [jvm.dll+0x7dbe33]
V  [jvm.dll+0x7dc4a3]
V  [jvm.dll+0x24508f]
V  [jvm.dll+0x677089]
V  [jvm.dll+0x66bd32]
V  [jvm.dll+0x301fa6]
V  [jvm.dll+0x309546]
V  [jvm.dll+0x359d2e]
V  [jvm.dll+0x359f5f]
V  [jvm.dll+0x2d9078]
V  [jvm.dll+0x2d74ad]
V  [jvm.dll+0x2d6afc]
V  [jvm.dll+0x31a65b]
V  [jvm.dll+0x7e0d9b]
V  [jvm.dll+0x7e1ad4]
V  [jvm.dll+0x7e1fed]
V  [jvm.dll+0x7e23c4]
V  [jvm.dll+0x7e2490]
V  [jvm.dll+0x78abea]
V  [jvm.dll+0x678f35]
C  [ucrtbase.dll+0x29333]
C  [KERNEL32.DLL+0x1257d]
C  [ntdll.dll+0x5af28]

VM_Operation (0x000000df596f3830): G1CollectForAllocation, mode: safepoint, requested by thread 0x0000028e637841b0


---------------  P R O C E S S  ---------------

Threads class SMR info:
_java_thread_list=0x0000028e42909660, length=75, elements={
0x0000028e23d7afb0, 0x0000028e423b6c70, 0x0000028e423b7af0, 0x0000028e423cc850,
0x0000028e423ce330, 0x0000028e423cee00, 0x0000028e423d37f0, 0x0000028e423d48b0,
0x0000028e423e0780, 0x0000028e423e30a0, 0x0000028e425de680, 0x0000028e426db190,
0x0000028e635070a0, 0x0000028e6354c460, 0x0000028e634538c0, 0x0000028e63754840,
0x0000028e6375c040, 0x0000028e63784bd0, 0x0000028e637841b0, 0x0000028e637846c0,
0x0000028e63782350, 0x0000028e63781e40, 0x0000028e63782d70, 0x0000028e63783280,
0x0000028e63783ca0, 0x0000028e63783790, 0x0000028e63781420, 0x0000028e63781930,
0x0000028e63d509d0, 0x0000028e63d4bde0, 0x0000028e63d50ee0, 0x0000028e63d4dc40,
0x0000028e63d513f0, 0x0000028e63d4c2f0, 0x0000028e63d49f80, 0x0000028e63d4aeb0,
0x0000028e63d4f080, 0x0000028e63d4a490, 0x0000028e63d4d220, 0x0000028e63d4cd10,
0x0000028e63d4c800, 0x0000028e63d4d730, 0x0000028e63d4e150, 0x0000028e63d4e660,
0x0000028e63d4eb70, 0x0000028e63d504c0, 0x0000028e63d4f590, 0x0000028e63d51900,
0x0000028e63d4faa0, 0x0000028e63d4a9a0, 0x0000028e63d4ffb0, 0x0000028e65a7c960,
0x0000028e65a838c0, 0x0000028e65a80b30, 0x0000028e65a7d890, 0x0000028e65a81040,
0x0000028e65a7c450, 0x0000028e65a83dd0, 0x0000028e65a7ce70, 0x0000028e65a81f70,
0x0000028e65a7f6f0, 0x0000028e65a82480, 0x0000028e65a81550, 0x0000028e65a7fc00,
0x0000028e65a80110, 0x0000028e65a82ea0, 0x0000028e65a7d380, 0x0000028e65a81a60,
0x0000028e65a82990, 0x0000028e65a833b0, 0x0000028e65a7dda0, 0x0000028e65a7e2b0,
0x0000028e65a7e7c0, 0x0000028e65a7ecd0, 0x0000028e65a7f1e0
}

Java Threads: ( => current thread )
  0x0000028e23d7afb0 JavaThread "main" [_thread_blocked, id=13508, stack(0x000000df57900000,0x000000df57a00000)]
  0x0000028e423b6c70 JavaThread "Reference Handler" daemon [_thread_blocked, id=6500, stack(0x000000df58000000,0x000000df58100000)]
  0x0000028e423b7af0 JavaThread "Finalizer" daemon [_thread_blocked, id=7688, stack(0x000000df58100000,0x000000df58200000)]
  0x0000028e423cc850 JavaThread "Signal Dispatcher" daemon [_thread_blocked, id=2740, stack(0x000000df58200000,0x000000df58300000)]
  0x0000028e423ce330 JavaThread "Attach Listener" daemon [_thread_blocked, id=18984, stack(0x000000df58300000,0x000000df58400000)]
  0x0000028e423cee00 JavaThread "Service Thread" daemon [_thread_blocked, id=12824, stack(0x000000df58400000,0x000000df58500000)]
  0x0000028e423d37f0 JavaThread "Monitor Deflation Thread" daemon [_thread_blocked, id=3480, stack(0x000000df58500000,0x000000df58600000)]
  0x0000028e423d48b0 JavaThread "C2 CompilerThread0" daemon [_thread_blocked, id=14096, stack(0x000000df58600000,0x000000df58700000)]
  0x0000028e423e0780 JavaThread "C1 CompilerThread0" daemon [_thread_blocked, id=11616, stack(0x000000df58700000,0x000000df58800000)]
  0x0000028e423e30a0 JavaThread "Sweeper thread" daemon [_thread_blocked, id=7324, stack(0x000000df58800000,0x000000df58900000)]
  0x0000028e425de680 JavaThread "Common-Cleaner" daemon [_thread_blocked, id=12308, stack(0x000000df58900000,0x000000df58a00000)]
  0x0000028e426db190 JavaThread "Notification Thread" daemon [_thread_blocked, id=11092, stack(0x000000df58a00000,0x000000df58b00000)]
  0x0000028e635070a0 JavaThread "Daemon health stats" [_thread_blocked, id=9800, stack(0x000000df59000000,0x000000df59100000)]
  0x0000028e6354c460 JavaThread "Incoming local TCP Connector on port 65139" [_thread_in_native, id=15960, stack(0x000000df59100000,0x000000df59200000)]
  0x0000028e634538c0 JavaThread "Daemon periodic checks" [_thread_blocked, id=5868, stack(0x000000df59200000,0x000000df59300000)]
  0x0000028e63754840 JavaThread "Daemon" [_thread_blocked, id=5984, stack(0x000000df59300000,0x000000df59400000)]
  0x0000028e6375c040 JavaThread "Handler for socket connection from /127.0.0.1:65139 to /127.0.0.1:65140" [_thread_in_native, id=9600, stack(0x000000df59400000,0x000000df59500000)]
  0x0000028e63784bd0 JavaThread "Cancel handler" [_thread_blocked, id=7456, stack(0x000000df59500000,0x000000df59600000)]
  0x0000028e637841b0 JavaThread "Daemon worker" [_thread_blocked, id=11364, stack(0x000000df59600000,0x000000df59700000)]
  0x0000028e637846c0 JavaThread "Asynchronous log dispatcher for DefaultDaemonConnection: socket connection from /127.0.0.1:65139 to /127.0.0.1:65140" [_thread_blocked, id=7116, stack(0x000000df59700000,0x000000df59800000)]
  0x0000028e63782350 JavaThread "Stdin handler" [_thread_blocked, id=9220, stack(0x000000df59800000,0x000000df59900000)]
  0x0000028e63781e40 JavaThread "Daemon client event forwarder" [_thread_blocked, id=16960, stack(0x000000df59900000,0x000000df59a00000)]
  0x0000028e63782d70 JavaThread "Cache worker for journal cache (C:\Users\User\.gradle\caches\journal-1)" [_thread_blocked, id=12696, stack(0x000000df59f00000,0x000000df5a000000)]
  0x0000028e63783280 JavaThread "File lock request listener" [_thread_in_native, id=13216, stack(0x000000df5a000000,0x000000df5a100000)]
  0x0000028e63783ca0 JavaThread "Cache worker for file hash cache (C:\Users\User\.gradle\caches\8.8\fileHashes)" [_thread_blocked, id=7176, stack(0x000000df5a100000,0x000000df5a200000)]
  0x0000028e63783790 JavaThread "Cache worker for file hash cache (C:\Users\User\Documents\KULIAH\SEMESTER 5\PPM\PPM-NAVIGASI\android\.gradle\8.8\fileHashes)" [_thread_blocked, id=5600, stack(0x000000df5a200000,0x000000df5a300000)]
  0x0000028e63781420 JavaThread "File watcher server" daemon [_thread_blocked, id=1388, stack(0x000000df5a300000,0x000000df5a400000)]
  0x0000028e63781930 JavaThread "File watcher consumer" daemon [_thread_blocked, id=16572, stack(0x000000df5a400000,0x000000df5a500000)]
  0x0000028e63d509d0 JavaThread "Cache worker for checksums cache (C:\Users\User\Documents\KULIAH\SEMESTER 5\PPM\PPM-NAVIGASI\android\.gradle\8.8\checksums)" [_thread_blocked, id=5836, stack(0x000000df5a700000,0x000000df5a800000)]
  0x0000028e63d4bde0 JavaThread "Cache worker for file content cache (C:\Users\User\.gradle\caches\8.8\fileContent)" [_thread_blocked, id=18108, stack(0x000000df5a800000,0x000000df5a900000)]
  0x0000028e63d50ee0 JavaThread "Cache worker for cache directory md-rule (C:\Users\User\.gradle\caches\8.8\md-rule)" [_thread_blocked, id=16496, stack(0x000000df5a900000,0x000000df5aa00000)]
  0x0000028e63d4dc40 JavaThread "Cache worker for cache directory md-supplier (C:\Users\User\.gradle\caches\8.8\md-supplier)" [_thread_blocked, id=13896, stack(0x000000df5aa00000,0x000000df5ab00000)]
  0x0000028e63d513f0 JavaThread "jar transforms" [_thread_blocked, id=7252, stack(0x000000df5ab00000,0x000000df5ac00000)]
  0x0000028e63d4c2f0 JavaThread "Unconstrained build operations" [_thread_blocked, id=11280, stack(0x000000df5ac00000,0x000000df5ad00000)]
  0x0000028e63d49f80 JavaThread "Unconstrained build operations Thread 2" [_thread_blocked, id=14220, stack(0x000000df5ad00000,0x000000df5ae00000)]
  0x0000028e63d4aeb0 JavaThread "Unconstrained build operations Thread 3" [_thread_blocked, id=15064, stack(0x000000df5ae00000,0x000000df5af00000)]
  0x0000028e63d4f080 JavaThread "Unconstrained build operations Thread 4" [_thread_blocked, id=13552, stack(0x000000df5af00000,0x000000df5b000000)]
  0x0000028e63d4a490 JavaThread "Unconstrained build operations Thread 5" [_thread_blocked, id=6604, stack(0x000000df5b000000,0x000000df5b100000)]
  0x0000028e63d4d220 JavaThread "Unconstrained build operations Thread 6" [_thread_blocked, id=16192, stack(0x000000df5b100000,0x000000df5b200000)]
  0x0000028e63d4cd10 JavaThread "Cache worker for Build Output Cleanup Cache (C:\Users\User\Documents\KULIAH\SEMESTER 5\PPM\PPM-NAVIGASI\node_modules\@react-native\gradle-plugin\.gradle\buildOutputCleanup)" [_thread_blocked, id=16592, stack(0x000000df5b200000,0x000000df5b300000)]
  0x0000028e63d4c800 JavaThread "Unconstrained build operations Thread 7" [_thread_blocked, id=15940, stack(0x000000df5b300000,0x000000df5b400000)]
  0x0000028e63d4d730 JavaThread "Unconstrained build operations Thread 8" [_thread_blocked, id=9748, stack(0x000000df5b400000,0x000000df5b500000)]
  0x0000028e63d4e150 JavaThread "Unconstrained build operations Thread 9" [_thread_blocked, id=16188, stack(0x000000df5b500000,0x000000df5b600000)]
  0x0000028e63d4e660 JavaThread "Unconstrained build operations Thread 10" [_thread_blocked, id=14324, stack(0x000000df5b600000,0x000000df5b700000)]
  0x0000028e63d4eb70 JavaThread "Unconstrained build operations Thread 11" [_thread_blocked, id=11424, stack(0x000000df5b700000,0x000000df5b800000)]
  0x0000028e63d504c0 JavaThread "Unconstrained build operations Thread 12" [_thread_blocked, id=7288, stack(0x000000df5b800000,0x000000df5b900000)]
  0x0000028e63d4f590 JavaThread "Unconstrained build operations Thread 13" [_thread_blocked, id=3260, stack(0x000000df5b900000,0x000000df5ba00000)]
  0x0000028e63d51900 JavaThread "Unconstrained build operations Thread 14" [_thread_blocked, id=10588, stack(0x000000df5ba00000,0x000000df5bb00000)]
  0x0000028e63d4faa0 JavaThread "Unconstrained build operations Thread 15" [_thread_blocked, id=8648, stack(0x000000df5bb00000,0x000000df5bc00000)]
  0x0000028e63d4a9a0 JavaThread "Unconstrained build operations Thread 16" [_thread_blocked, id=12216, stack(0x000000df5bc00000,0x000000df5bd00000)]
  0x0000028e63d4ffb0 JavaThread "Unconstrained build operations Thread 17" [_thread_blocked, id=5568, stack(0x000000df5bd00000,0x000000df5be00000)]
  0x0000028e65a7c960 JavaThread "Unconstrained build operations Thread 18" [_thread_blocked, id=8832, stack(0x000000df5be00000,0x000000df5bf00000)]
  0x0000028e65a838c0 JavaThread "Unconstrained build operations Thread 19" [_thread_blocked, id=13928, stack(0x000000df5bf00000,0x000000df5c000000)]
  0x0000028e65a80b30 JavaThread "Unconstrained build operations Thread 20" [_thread_blocked, id=19452, stack(0x000000df5c000000,0x000000df5c100000)]
  0x0000028e65a7d890 JavaThread "Unconstrained build operations Thread 21" [_thread_blocked, id=11796, stack(0x000000df5c100000,0x000000df5c200000)]
  0x0000028e65a81040 JavaThread "Unconstrained build operations Thread 22" [_thread_blocked, id=5040, stack(0x000000df5c200000,0x000000df5c300000)]
  0x0000028e65a7c450 JavaThread "Unconstrained build operations Thread 23" [_thread_blocked, id=5780, stack(0x000000df5c300000,0x000000df5c400000)]
  0x0000028e65a83dd0 JavaThread "Unconstrained build operations Thread 24" [_thread_blocked, id=840, stack(0x000000df5c400000,0x000000df5c500000)]
  0x0000028e65a7ce70 JavaThread "Unconstrained build operations Thread 25" [_thread_blocked, id=12776, stack(0x000000df5c500000,0x000000df5c600000)]
  0x0000028e65a81f70 JavaThread "Unconstrained build operations Thread 26" [_thread_blocked, id=7132, stack(0x000000df5c600000,0x000000df5c700000)]
  0x0000028e65a7f6f0 JavaThread "Unconstrained build operations Thread 27" [_thread_blocked, id=13756, stack(0x000000df5c700000,0x000000df5c800000)]
  0x0000028e65a82480 JavaThread "Unconstrained build operations Thread 28" [_thread_blocked, id=12684, stack(0x000000df5c800000,0x000000df5c900000)]
  0x0000028e65a81550 JavaThread "Unconstrained build operations Thread 29" [_thread_blocked, id=18832, stack(0x000000df5c900000,0x000000df5ca00000)]
  0x0000028e65a7fc00 JavaThread "Unconstrained build operations Thread 30" [_thread_blocked, id=13016, stack(0x000000df5ca00000,0x000000df5cb00000)]
  0x0000028e65a80110 JavaThread "Unconstrained build operations Thread 31" [_thread_blocked, id=8736, stack(0x000000df5cb00000,0x000000df5cc00000)]
  0x0000028e65a82ea0 JavaThread "Unconstrained build operations Thread 32" [_thread_blocked, id=11632, stack(0x000000df5cc00000,0x000000df5cd00000)]
  0x0000028e65a7d380 JavaThread "Unconstrained build operations Thread 33" [_thread_blocked, id=15364, stack(0x000000df5cd00000,0x000000df5ce00000)]
  0x0000028e65a81a60 JavaThread "Unconstrained build operations Thread 34" [_thread_blocked, id=2276, stack(0x000000df5ce00000,0x000000df5cf00000)]
  0x0000028e65a82990 JavaThread "Unconstrained build operations Thread 35" [_thread_blocked, id=7280, stack(0x000000df5cf00000,0x000000df5d000000)]
  0x0000028e65a833b0 JavaThread "Unconstrained build operations Thread 36" [_thread_blocked, id=17556, stack(0x000000df5d000000,0x000000df5d100000)]
  0x0000028e65a7dda0 JavaThread "Unconstrained build operations Thread 37" [_thread_blocked, id=14288, stack(0x000000df5d100000,0x000000df5d200000)]
  0x0000028e65a7e2b0 JavaThread "Unconstrained build operations Thread 38" [_thread_blocked, id=12444, stack(0x000000df5d200000,0x000000df5d300000)]
  0x0000028e65a7e7c0 JavaThread "Unconstrained build operations Thread 39" [_thread_blocked, id=6676, stack(0x000000df5d300000,0x000000df5d400000)]
  0x0000028e65a7ecd0 JavaThread "Memory manager" [_thread_blocked, id=3172, stack(0x000000df5d400000,0x000000df5d500000)]
  0x0000028e65a7f1e0 JavaThread "build event listener" [_thread_blocked, id=292, stack(0x000000df5d500000,0x000000df5d600000)]

Other Threads:
=>0x0000028e423b3060 VMThread "VM Thread" [stack: 0x000000df57f00000,0x000000df58000000] [id=17440]
  0x0000028e23d7be30 WatcherThread [stack: 0x000000df58b00000,0x000000df58c00000] [id=15512]
  0x0000028e23dd82d0 GCTaskThread "GC Thread#0" [stack: 0x000000df57a00000,0x000000df57b00000] [id=3388]
  0x0000028e427725d0 GCTaskThread "GC Thread#1" [stack: 0x000000df58c00000,0x000000df58d00000] [id=7824]
  0x0000028e427730d0 GCTaskThread "GC Thread#2" [stack: 0x000000df58d00000,0x000000df58e00000] [id=17748]
  0x0000028e42774150 GCTaskThread "GC Thread#3" [stack: 0x000000df58e00000,0x000000df58f00000] [id=776]
  0x0000028e42772890 GCTaskThread "GC Thread#4" [stack: 0x000000df58f00000,0x000000df59000000] [id=17320]
  0x0000028e42773390 GCTaskThread "GC Thread#5" [stack: 0x000000df59a00000,0x000000df59b00000] [id=12028]
  0x0000028e42773650 GCTaskThread "GC Thread#6" [stack: 0x000000df59b00000,0x000000df59c00000] [id=2592]
  0x0000028e42773910 GCTaskThread "GC Thread#7" [stack: 0x000000df59c00000,0x000000df59d00000] [id=2088]
  0x0000028e42773bd0 GCTaskThread "GC Thread#8" [stack: 0x000000df59d00000,0x000000df59e00000] [id=15368]
  0x0000028e42773e90 GCTaskThread "GC Thread#9" [stack: 0x000000df59e00000,0x000000df59f00000] [id=13476]
  0x0000028e23de9220 ConcurrentGCThread "G1 Main Marker" [stack: 0x000000df57b00000,0x000000df57c00000] [id=17140]
  0x0000028e23dea3d0 ConcurrentGCThread "G1 Conc#0" [stack: 0x000000df57c00000,0x000000df57d00000] [id=11580]
  0x0000028e63a1f7e0 ConcurrentGCThread "G1 Conc#1" [stack: 0x000000df5a500000,0x000000df5a600000] [id=10700]
  0x0000028e63a1e760 ConcurrentGCThread "G1 Conc#2" [stack: 0x000000df5a600000,0x000000df5a700000] [id=7756]
  0x0000028e42269960 ConcurrentGCThread "G1 Refine#0" [stack: 0x000000df57d00000,0x000000df57e00000] [id=15592]
  0x0000028e4226a2a0 ConcurrentGCThread "G1 Service" [stack: 0x000000df57e00000,0x000000df57f00000] [id=13260]

Threads with active compile tasks:
C2 CompilerThread0    17747 7047   !   4       java.util.regex.Pattern::RemoveQEQuoting (370 bytes)

VM state: at safepoint (normal execution)

VM Mutex/Monitor currently owned by a thread:  ([mutex/lock_event])
[0x0000028e23d75a00] Threads_lock - owner thread: 0x0000028e423b3060
[0x0000028e23d76660] Heap_lock - owner thread: 0x0000028e637841b0

Heap address: 0x0000000080000000, size: 2048 MB, Compressed Oops mode: 32-bit

CDS archive(s) mapped at: [0x0000028e43000000-0x0000028e43bd0000-0x0000028e43bd0000), size 12386304, SharedBaseAddress: 0x0000028e43000000, ArchiveRelocationMode: 1.
Compressed class space mapped at: 0x0000028e44000000-0x0000028e5e000000, reserved size: 436207616
Narrow klass base: 0x0000028e43000000, Narrow klass shift: 0, Narrow klass range: 0x100000000

GC Precious Log:
 CPUs: 12 total, 12 available
 Memory: 7563M
 Large Page Support: Disabled
 NUMA Support: Disabled
 Compressed Oops: Enabled (32-bit)
 Heap Region Size: 1M
 Heap Min Capacity: 8M
 Heap Initial Capacity: 120M
 Heap Max Capacity: 2G
 Pre-touch: Disabled
 Parallel Workers: 10
 Concurrent Workers: 3
 Concurrent Refinement Workers: 10
 Periodic GC: Disabled

Heap:
 garbage-first heap   total 122880K, used 62432K [0x0000000080000000, 0x0000000100000000)
  region size 1024K, 1 young (1024K), 1 survivors (1024K)
 Metaspace       used 60476K, committed 61056K, reserved 491520K
  class space    used 8584K, committed 8896K, reserved 425984K

Heap Regions: E=young(eden), S=young(survivor), O=old, HS=humongous(starts), HC=humongous(continues), CS=collection set, F=free, OA=open archive, CA=closed archive, TAMS=top-at-mark-start (previous, next)
|   0|0x0000000080000000, 0x0000000080100000, 0x0000000080100000|100%|HS|  |TAMS 0x0000000080100000, 0x0000000080100000| Complete 
|   1|0x0000000080100000, 0x0000000080200000, 0x0000000080200000|100%|HC|  |TAMS 0x0000000080200000, 0x0000000080200000| Complete 
|   2|0x0000000080200000, 0x0000000080300000, 0x0000000080300000|100%|HC|  |TAMS 0x0000000080300000, 0x0000000080300000| Complete 
|   3|0x0000000080300000, 0x0000000080400000, 0x0000000080400000|100%|HC|  |TAMS 0x0000000080400000, 0x0000000080400000| Complete 
|   4|0x0000000080400000, 0x0000000080500000, 0x0000000080500000|100%| O|  |TAMS 0x0000000080500000, 0x0000000080500000| Untracked 
|   5|0x0000000080500000, 0x0000000080600000, 0x0000000080600000|100%| O|  |TAMS 0x0000000080600000, 0x0000000080600000| Untracked 
|   6|0x0000000080600000, 0x0000000080700000, 0x0000000080700000|100%| O|  |TAMS 0x0000000080700000, 0x0000000080700000| Untracked 
|   7|0x0000000080700000, 0x0000000080800000, 0x0000000080800000|100%| O|  |TAMS 0x0000000080800000, 0x0000000080800000| Untracked 
|   8|0x0000000080800000, 0x0000000080900000, 0x0000000080900000|100%| O|  |TAMS 0x0000000080900000, 0x0000000080900000| Untracked 
|   9|0x0000000080900000, 0x0000000080a00000, 0x0000000080a00000|100%| O|  |TAMS 0x0000000080a00000, 0x0000000080a00000| Untracked 
|  10|0x0000000080a00000, 0x0000000080b00000, 0x0000000080b00000|100%| O|  |TAMS 0x0000000080b00000, 0x0000000080b00000| Untracked 
|  11|0x0000000080b00000, 0x0000000080c00000, 0x0000000080c00000|100%|HS|  |TAMS 0x0000000080c00000, 0x0000000080c00000| Complete 
|  12|0x0000000080c00000, 0x0000000080d00000, 0x0000000080d00000|100%| O|  |TAMS 0x0000000080d00000, 0x0000000080d00000| Untracked 
|  13|0x0000000080d00000, 0x0000000080e00000, 0x0000000080e00000|100%| O|  |TAMS 0x0000000080e00000, 0x0000000080e00000| Untracked 
|  14|0x0000000080e00000, 0x0000000080f00000, 0x0000000080f00000|100%| O|  |TAMS 0x0000000080f00000, 0x0000000080f00000| Untracked 
|  15|0x0000000080f00000, 0x0000000081000000, 0x0000000081000000|100%| O|  |TAMS 0x0000000081000000, 0x0000000081000000| Untracked 
|  16|0x0000000081000000, 0x0000000081100000, 0x0000000081100000|100%| O|  |TAMS 0x0000000081100000, 0x0000000081100000| Untracked 
|  17|0x0000000081100000, 0x0000000081200000, 0x0000000081200000|100%| O|  |TAMS 0x0000000081200000, 0x0000000081200000| Untracked 
|  18|0x0000000081200000, 0x0000000081300000, 0x0000000081300000|100%| O|  |TAMS 0x0000000081300000, 0x0000000081300000| Untracked 
|  19|0x0000000081300000, 0x00000000813b3c00, 0x0000000081400000| 70%| O|  |TAMS 0x00000000813b3c00, 0x00000000813b3c00| Untracked 
|  20|0x0000000081400000, 0x0000000081500000, 0x0000000081500000|100%| O|  |TAMS 0x0000000081500000, 0x0000000081500000| Untracked 
|  21|0x0000000081500000, 0x0000000081600000, 0x0000000081600000|100%| O|  |TAMS 0x0000000081600000, 0x0000000081600000| Untracked 
|  22|0x0000000081600000, 0x0000000081700000, 0x0000000081700000|100%| O|  |TAMS 0x0000000081700000, 0x0000000081700000| Untracked 
|  23|0x0000000081700000, 0x0000000081800000, 0x0000000081800000|100%| O|  |TAMS 0x0000000081800000, 0x0000000081800000| Untracked 
|  24|0x0000000081800000, 0x0000000081900000, 0x0000000081900000|100%| O|  |TAMS 0x0000000081800000, 0x0000000081900000| Untracked 
|  25|0x0000000081900000, 0x0000000081a00000, 0x0000000081a00000|100%| O|  |TAMS 0x0000000081a00000, 0x0000000081a00000| Untracked 
|  26|0x0000000081a00000, 0x0000000081b00000, 0x0000000081b00000|100%| O|  |TAMS 0x0000000081b00000, 0x0000000081b00000| Untracked 
|  27|0x0000000081b00000, 0x0000000081c00000, 0x0000000081c00000|100%| O|  |TAMS 0x0000000081c00000, 0x0000000081c00000| Untracked 
|  28|0x0000000081c00000, 0x0000000081d00000, 0x0000000081d00000|100%| O|  |TAMS 0x0000000081d00000, 0x0000000081d00000| Untracked 
|  29|0x0000000081d00000, 0x0000000081d00000, 0x0000000081e00000|  0%| F|  |TAMS 0x0000000081d00000, 0x0000000081d00000| Untracked 
|  30|0x0000000081e00000, 0x0000000081f00000, 0x0000000081f00000|100%| O|  |TAMS 0x0000000081f00000, 0x0000000081f00000| Untracked 
|  31|0x0000000081f00000, 0x0000000082000000, 0x0000000082000000|100%| O|  |TAMS 0x0000000082000000, 0x0000000082000000| Untracked 
|  32|0x0000000082000000, 0x0000000082100000, 0x0000000082100000|100%| O|  |TAMS 0x0000000082100000, 0x0000000082100000| Untracked 
|  33|0x0000000082100000, 0x0000000082200000, 0x0000000082200000|100%| O|  |TAMS 0x0000000082200000, 0x0000000082200000| Untracked 
|  34|0x0000000082200000, 0x0000000082300000, 0x0000000082300000|100%| O|  |TAMS 0x0000000082300000, 0x0000000082300000| Untracked 
|  35|0x0000000082300000, 0x0000000082400000, 0x0000000082400000|100%| O|  |TAMS 0x0000000082400000, 0x0000000082400000| Untracked 
|  36|0x0000000082400000, 0x0000000082500000, 0x0000000082500000|100%| O|  |TAMS 0x0000000082500000, 0x0000000082500000| Untracked 
|  37|0x0000000082500000, 0x0000000082600000, 0x0000000082600000|100%| O|  |TAMS 0x0000000082600000, 0x0000000082600000| Untracked 
|  38|0x0000000082600000, 0x0000000082700000, 0x0000000082700000|100%| O|  |TAMS 0x0000000082700000, 0x0000000082700000| Untracked 
|  39|0x0000000082700000, 0x0000000082800000, 0x0000000082800000|100%| O|  |TAMS 0x0000000082800000, 0x0000000082800000| Untracked 
|  40|0x0000000082800000, 0x0000000082900000, 0x0000000082900000|100%| O|  |TAMS 0x0000000082900000, 0x0000000082900000| Untracked 
|  41|0x0000000082900000, 0x0000000082a00000, 0x0000000082a00000|100%| O|  |TAMS 0x0000000082a00000, 0x0000000082a00000| Untracked 
|  42|0x0000000082a00000, 0x0000000082b00000, 0x0000000082b00000|100%| O|  |TAMS 0x0000000082b00000, 0x0000000082b00000| Untracked 
|  43|0x0000000082b00000, 0x0000000082c00000, 0x0000000082c00000|100%| O|  |TAMS 0x0000000082c00000, 0x0000000082c00000| Untracked 
|  44|0x0000000082c00000, 0x0000000082d00000, 0x0000000082d00000|100%| O|  |TAMS 0x0000000082d00000, 0x0000000082d00000| Untracked 
|  45|0x0000000082d00000, 0x0000000082e00000, 0x0000000082e00000|100%|HS|  |TAMS 0x0000000082e00000, 0x0000000082e00000| Complete 
|  46|0x0000000082e00000, 0x0000000082f00000, 0x0000000082f00000|100%|HC|  |TAMS 0x0000000082f00000, 0x0000000082f00000| Complete 
|  47|0x0000000082f00000, 0x0000000083000000, 0x0000000083000000|100%|HS|  |TAMS 0x0000000083000000, 0x0000000083000000| Complete 
|  48|0x0000000083000000, 0x0000000083100000, 0x0000000083100000|100%|HC|  |TAMS 0x0000000083100000, 0x0000000083100000| Complete 
|  49|0x0000000083100000, 0x0000000083200000, 0x0000000083200000|100%|HS|  |TAMS 0x0000000083200000, 0x0000000083200000| Complete 
|  50|0x0000000083200000, 0x0000000083300000, 0x0000000083300000|100%|HC|  |TAMS 0x0000000083300000, 0x0000000083300000| Complete 
|  51|0x0000000083300000, 0x0000000083400000, 0x0000000083400000|100%|HC|  |TAMS 0x0000000083400000, 0x0000000083400000| Complete 
|  52|0x0000000083400000, 0x0000000083500000, 0x0000000083500000|100%|HC|  |TAMS 0x0000000083500000, 0x0000000083500000| Complete 
|  53|0x0000000083500000, 0x0000000083600000, 0x0000000083600000|100%|HS|  |TAMS 0x0000000083600000, 0x0000000083600000| Complete 
|  54|0x0000000083600000, 0x0000000083700000, 0x0000000083700000|100%|HC|  |TAMS 0x0000000083700000, 0x0000000083700000| Complete 
|  55|0x0000000083700000, 0x0000000083800000, 0x0000000083800000|100%|HC|  |TAMS 0x0000000083800000, 0x0000000083800000| Complete 
|  56|0x0000000083800000, 0x0000000083900000, 0x0000000083900000|100%|HC|  |TAMS 0x0000000083900000, 0x0000000083900000| Complete 
|  57|0x0000000083900000, 0x0000000083a00000, 0x0000000083a00000|100%| O|  |TAMS 0x0000000083a00000, 0x0000000083a00000| Untracked 
|  58|0x0000000083a00000, 0x0000000083b00000, 0x0000000083b00000|100%| O|  |TAMS 0x0000000083b00000, 0x0000000083b00000| Untracked 
|  59|0x0000000083b00000, 0x0000000083c00000, 0x0000000083c00000|100%| O|  |TAMS 0x0000000083c00000, 0x0000000083c00000| Untracked 
|  60|0x0000000083c00000, 0x0000000083c64600, 0x0000000083d00000| 39%| O|  |TAMS 0x0000000083c00000, 0x0000000083c64600| Untracked 
|  61|0x0000000083d00000, 0x0000000083d00000, 0x0000000083e00000|  0%| F|  |TAMS 0x0000000083d00000, 0x0000000083d00000| Untracked 
|  62|0x0000000083e00000, 0x0000000083e00000, 0x0000000083f00000|  0%| F|  |TAMS 0x0000000083e00000, 0x0000000083e00000| Untracked 
|  63|0x0000000083f00000, 0x0000000084000000, 0x0000000084000000|100%| O|  |TAMS 0x0000000083f22c00, 0x0000000084000000| Untracked 
|  64|0x0000000084000000, 0x0000000084000000, 0x0000000084100000|  0%| F|  |TAMS 0x0000000084000000, 0x0000000084000000| Untracked 
|  65|0x0000000084100000, 0x0000000084100000, 0x0000000084200000|  0%| F|  |TAMS 0x0000000084100000, 0x0000000084100000| Untracked 
|  66|0x0000000084200000, 0x0000000084200000, 0x0000000084300000|  0%| F|  |TAMS 0x0000000084200000, 0x0000000084200000| Untracked 
|  67|0x0000000084300000, 0x0000000084300000, 0x0000000084400000|  0%| F|  |TAMS 0x0000000084300000, 0x0000000084300000| Untracked 
|  68|0x0000000084400000, 0x0000000084400000, 0x0000000084500000|  0%| F|  |TAMS 0x0000000084400000, 0x0000000084400000| Untracked 
|  69|0x0000000084500000, 0x0000000084500000, 0x0000000084600000|  0%| F|  |TAMS 0x0000000084500000, 0x0000000084500000| Untracked 
|  70|0x0000000084600000, 0x0000000084600000, 0x0000000084700000|  0%| F|  |TAMS 0x0000000084600000, 0x0000000084600000| Untracked 
|  71|0x0000000084700000, 0x0000000084700000, 0x0000000084800000|  0%| F|  |TAMS 0x0000000084700000, 0x0000000084700000| Untracked 
|  72|0x0000000084800000, 0x0000000084800000, 0x0000000084900000|  0%| F|  |TAMS 0x0000000084800000, 0x0000000084800000| Untracked 
|  73|0x0000000084900000, 0x0000000084900000, 0x0000000084a00000|  0%| F|  |TAMS 0x0000000084900000, 0x0000000084900000| Untracked 
|  74|0x0000000084a00000, 0x0000000084a00000, 0x0000000084b00000|  0%| F|  |TAMS 0x0000000084a00000, 0x0000000084a00000| Untracked 
|  75|0x0000000084b00000, 0x0000000084b00000, 0x0000000084c00000|  0%| F|  |TAMS 0x0000000084b00000, 0x0000000084b00000| Untracked 
|  76|0x0000000084c00000, 0x0000000084c00000, 0x0000000084d00000|  0%| F|  |TAMS 0x0000000084c00000, 0x0000000084c00000| Untracked 
|  77|0x0000000084d00000, 0x0000000084d00000, 0x0000000084e00000|  0%| F|  |TAMS 0x0000000084d00000, 0x0000000084d00000| Untracked 
|  78|0x0000000084e00000, 0x0000000084e00000, 0x0000000084f00000|  0%| F|  |TAMS 0x0000000084e00000, 0x0000000084e00000| Untracked 
|  79|0x0000000084f00000, 0x0000000084fdff58, 0x0000000085000000| 87%| S|CS|TAMS 0x0000000084f00000, 0x0000000084f00000| Complete 
|  80|0x0000000085000000, 0x0000000085000000, 0x0000000085100000|  0%| F|  |TAMS 0x0000000085000000, 0x0000000085000000| Untracked 
|  81|0x0000000085100000, 0x0000000085100000, 0x0000000085200000|  0%| F|  |TAMS 0x0000000085100000, 0x0000000085100000| Untracked 
|  82|0x0000000085200000, 0x0000000085200000, 0x0000000085300000|  0%| F|  |TAMS 0x0000000085200000, 0x0000000085200000| Untracked 
|  83|0x0000000085300000, 0x0000000085300000, 0x0000000085400000|  0%| F|  |TAMS 0x0000000085300000, 0x0000000085300000| Untracked 
|  84|0x0000000085400000, 0x0000000085400000, 0x0000000085500000|  0%| F|  |TAMS 0x0000000085400000, 0x0000000085400000| Untracked 
|  85|0x0000000085500000, 0x0000000085500000, 0x0000000085600000|  0%| F|  |TAMS 0x0000000085500000, 0x0000000085500000| Untracked 
|  86|0x0000000085600000, 0x0000000085600000, 0x0000000085700000|  0%| F|  |TAMS 0x0000000085600000, 0x0000000085600000| Untracked 
|  87|0x0000000085700000, 0x0000000085700000, 0x0000000085800000|  0%| F|  |TAMS 0x0000000085700000, 0x0000000085700000| Untracked 
|  88|0x0000000085800000, 0x0000000085800000, 0x0000000085900000|  0%| F|  |TAMS 0x0000000085800000, 0x0000000085800000| Untracked 
|  89|0x0000000085900000, 0x0000000085900000, 0x0000000085a00000|  0%| F|  |TAMS 0x0000000085900000, 0x0000000085900000| Untracked 
|  90|0x0000000085a00000, 0x0000000085a00000, 0x0000000085b00000|  0%| F|  |TAMS 0x0000000085a00000, 0x0000000085a00000| Untracked 
|  91|0x0000000085b00000, 0x0000000085b00000, 0x0000000085c00000|  0%| F|  |TAMS 0x0000000085b00000, 0x0000000085b00000| Untracked 
|  92|0x0000000085c00000, 0x0000000085c00000, 0x0000000085d00000|  0%| F|  |TAMS 0x0000000085c00000, 0x0000000085c00000| Untracked 
|  93|0x0000000085d00000, 0x0000000085d00000, 0x0000000085e00000|  0%| F|  |TAMS 0x0000000085d00000, 0x0000000085d00000| Untracked 
|  94|0x0000000085e00000, 0x0000000085e00000, 0x0000000085f00000|  0%| F|  |TAMS 0x0000000085e00000, 0x0000000085e00000| Untracked 
|  95|0x0000000085f00000, 0x0000000085f00000, 0x0000000086000000|  0%| F|  |TAMS 0x0000000085f00000, 0x0000000085f00000| Untracked 
|  96|0x0000000086000000, 0x0000000086000000, 0x0000000086100000|  0%| F|  |TAMS 0x0000000086000000, 0x0000000086000000| Untracked 
|  97|0x0000000086100000, 0x0000000086100000, 0x0000000086200000|  0%| F|  |TAMS 0x0000000086100000, 0x0000000086100000| Untracked 
|  98|0x0000000086200000, 0x0000000086200000, 0x0000000086300000|  0%| F|  |TAMS 0x0000000086200000, 0x0000000086200000| Untracked 
|  99|0x0000000086300000, 0x0000000086300000, 0x0000000086400000|  0%| F|  |TAMS 0x0000000086300000, 0x0000000086300000| Untracked 
| 100|0x0000000086400000, 0x0000000086400000, 0x0000000086500000|  0%| F|  |TAMS 0x0000000086400000, 0x0000000086400000| Untracked 
| 101|0x0000000086500000, 0x0000000086500000, 0x0000000086600000|  0%| F|  |TAMS 0x0000000086500000, 0x0000000086500000| Untracked 
| 102|0x0000000086600000, 0x0000000086600000, 0x0000000086700000|  0%| F|  |TAMS 0x0000000086600000, 0x0000000086600000| Untracked 
| 103|0x0000000086700000, 0x0000000086700000, 0x0000000086800000|  0%| F|  |TAMS 0x0000000086700000, 0x0000000086700000| Untracked 
| 104|0x0000000086800000, 0x0000000086800000, 0x0000000086900000|  0%| F|  |TAMS 0x0000000086800000, 0x0000000086800000| Untracked 
| 105|0x0000000086900000, 0x0000000086900000, 0x0000000086a00000|  0%| F|  |TAMS 0x0000000086900000, 0x0000000086900000| Untracked 
| 106|0x0000000086a00000, 0x0000000086a00000, 0x0000000086b00000|  0%| F|  |TAMS 0x0000000086a00000, 0x0000000086a00000| Untracked 
| 107|0x0000000086b00000, 0x0000000086b00000, 0x0000000086c00000|  0%| F|  |TAMS 0x0000000086b00000, 0x0000000086b00000| Untracked 
| 108|0x0000000086c00000, 0x0000000086c00000, 0x0000000086d00000|  0%| F|  |TAMS 0x0000000086c00000, 0x0000000086c00000| Untracked 
| 109|0x0000000086d00000, 0x0000000086d00000, 0x0000000086e00000|  0%| F|  |TAMS 0x0000000086d00000, 0x0000000086d00000| Untracked 
| 110|0x0000000086e00000, 0x0000000086e00000, 0x0000000086f00000|  0%| F|  |TAMS 0x0000000086e00000, 0x0000000086e00000| Untracked 
| 111|0x0000000086f00000, 0x0000000086f00000, 0x0000000087000000|  0%| F|  |TAMS 0x0000000086f00000, 0x0000000086f00000| Untracked 
| 112|0x0000000087000000, 0x0000000087000000, 0x0000000087100000|  0%| F|  |TAMS 0x0000000087000000, 0x0000000087000000| Untracked 
| 113|0x0000000087100000, 0x0000000087100000, 0x0000000087200000|  0%| F|  |TAMS 0x0000000087100000, 0x0000000087100000| Untracked 
| 114|0x0000000087200000, 0x0000000087200000, 0x0000000087300000|  0%| F|  |TAMS 0x0000000087200000, 0x0000000087200000| Untracked 
| 115|0x0000000087300000, 0x0000000087300000, 0x0000000087400000|  0%| F|  |TAMS 0x0000000087300000, 0x0000000087300000| Untracked 
| 116|0x0000000087400000, 0x0000000087400000, 0x0000000087500000|  0%| F|  |TAMS 0x0000000087400000, 0x0000000087400000| Untracked 
| 117|0x0000000087500000, 0x0000000087500000, 0x0000000087600000|  0%| F|  |TAMS 0x0000000087500000, 0x0000000087500000| Untracked 
| 118|0x0000000087600000, 0x0000000087600000, 0x0000000087700000|  0%| F|  |TAMS 0x0000000087600000, 0x0000000087600000| Untracked 
| 119|0x0000000087700000, 0x0000000087700000, 0x0000000087800000|  0%| F|  |TAMS 0x0000000087700000, 0x0000000087700000| Untracked 

Card table byte_map: [0x0000028e3af80000,0x0000028e3b380000] _byte_map_base: 0x0000028e3ab80000

Marking Bits (Prev, Next): (CMBitMap*) 0x0000028e23dd8930, (CMBitMap*) 0x0000028e23dd88f0
 Prev Bits: [0x0000028e3d780000, 0x0000028e3f780000)
 Next Bits: [0x0000028e3b780000, 0x0000028e3d780000)

Polling page: 0x0000028e21cf0000

Metaspace:

Usage:
  Non-class:     50.68 MB used.
      Class:      8.38 MB used.
       Both:     59.06 MB used.

Virtual space:
  Non-class space:       64.00 MB reserved,      50.94 MB ( 80%) committed,  1 nodes.
      Class space:      416.00 MB reserved,       8.69 MB (  2%) committed,  1 nodes.
             Both:      480.00 MB reserved,      59.62 MB ( 12%) committed. 

Chunk freelists:
   Non-Class:  12.88 MB
       Class:  7.32 MB
        Both:  20.19 MB

MaxMetaspaceSize: 512.00 MB
CompressedClassSpaceSize: 416.00 MB
Initial GC threshold: 21.00 MB
Current GC threshold: 95.25 MB
CDS: on
MetaspaceReclaimPolicy: balanced
 - commit_granule_bytes: 65536.
 - commit_granule_words: 8192.
 - virtual_space_node_default_size: 8388608.
 - enlarge_chunks_in_place: 1.
 - new_chunks_are_fully_committed: 0.
 - uncommit_free_chunks: 1.
 - use_allocation_guard: 0.
 - handle_deallocations: 1.


Internal statistics:

num_allocs_failed_limit: 6.
num_arena_births: 782.
num_arena_deaths: 0.
num_vsnodes_births: 2.
num_vsnodes_deaths: 0.
num_space_committed: 954.
num_space_uncommitted: 0.
num_chunks_returned_to_freelist: 6.
num_chunks_taken_from_freelist: 3271.
num_chunk_merges: 6.
num_chunk_splits: 2160.
num_chunks_enlarged: 1420.
num_inconsistent_stats: 0.

CodeHeap 'non-profiled nmethods': size=120000Kb used=3035Kb max_used=3035Kb free=116964Kb
 bounds [0x0000028e33100000, 0x0000028e33400000, 0x0000028e3a630000]
CodeHeap 'profiled nmethods': size=120000Kb used=12165Kb max_used=12165Kb free=107835Kb
 bounds [0x0000028e2b630000, 0x0000028e2c220000, 0x0000028e32b60000]
CodeHeap 'non-nmethods': size=5760Kb used=2365Kb max_used=2409Kb free=3394Kb
 bounds [0x0000028e32b60000, 0x0000028e32dd0000, 0x0000028e33100000]
 total_blobs=7195 nmethods=6305 adapters=802
 compilation: enabled
              stopped_count=0, restarted_count=0
 full_count=0

Compilation events (20 events):
Event: 17.676 Thread 0x0000028e423e0780 nmethod 7040 0x0000028e2c20da10 code [0x0000028e2c20dbe0, 0x0000028e2c20deb8]
Event: 17.676 Thread 0x0000028e423e0780 7041       3       org.objectweb.asm.FieldWriter::putFieldInfo (269 bytes)
Event: 17.677 Thread 0x0000028e423e0780 nmethod 7041 0x0000028e2c20e010 code [0x0000028e2c20e280, 0x0000028e2c20ebc8]
Event: 17.677 Thread 0x0000028e423e0780 7034       3       org.objectweb.asm.AnnotationVisitor::<init> (7 bytes)
Event: 17.677 Thread 0x0000028e423e0780 nmethod 7034 0x0000028e2c20ef10 code [0x0000028e2c20f0c0, 0x0000028e2c20f208]
Event: 17.677 Thread 0x0000028e423e0780 7039       3       org.gradle.internal.instantiation.generator.AsmBackedClassGenerator$ClassBuilderImpl::access$5500 (4 bytes)
Event: 17.677 Thread 0x0000028e423e0780 nmethod 7039 0x0000028e2c20f290 code [0x0000028e2c20f420, 0x0000028e2c20f518]
Event: 17.677 Thread 0x0000028e423e0780 7038       1       org.gradle.internal.instantiation.generator.AsmBackedClassGenerator$ClassBuilderImpl::access$7300 (5 bytes)
Event: 17.677 Thread 0x0000028e423e0780 nmethod 7038 0x0000028e333f6910 code [0x0000028e333f6aa0, 0x0000028e333f6b58]
Event: 17.678 Thread 0x0000028e423d48b0 7042       4       java.nio.HeapByteBuffer::get (14 bytes)
Event: 17.679 Thread 0x0000028e423d48b0 nmethod 7042 0x0000028e333f6c10 code [0x0000028e333f6d80, 0x0000028e333f6e58]
Event: 17.681 Thread 0x0000028e423e0780 7043       3       java.util.ArrayList::listIterator (10 bytes)
Event: 17.682 Thread 0x0000028e423e0780 nmethod 7043 0x0000028e2c20f590 code [0x0000028e2c20f740, 0x0000028e2c20fa98]
Event: 17.682 Thread 0x0000028e423e0780 7044       3       java.util.ArrayList$ListItr::<init> (16 bytes)
Event: 17.682 Thread 0x0000028e423e0780 nmethod 7044 0x0000028e2c20fc10 code [0x0000028e2c20fdc0, 0x0000028e2c210058]
Event: 17.682 Thread 0x0000028e423e0780 7045       3       com.google.common.reflect.TypeVisitor::<init> (12 bytes)
Event: 17.682 Thread 0x0000028e423d48b0 7047   !   4       java.util.regex.Pattern::RemoveQEQuoting (370 bytes)
Event: 17.682 Thread 0x0000028e423e0780 nmethod 7045 0x0000028e2c210190 code [0x0000028e2c210380, 0x0000028e2c210978]
Event: 17.682 Thread 0x0000028e423e0780 7046       3       com.google.common.collect.Sets::newHashSet (8 bytes)
Event: 17.682 Thread 0x0000028e423e0780 nmethod 7046 0x0000028e2c210b90 code [0x0000028e2c210d60, 0x0000028e2c211218]

GC Heap History (20 events):
Event: 12.898 GC heap after
{Heap after GC invocations=14 (full 0):
 garbage-first heap   total 86016K, used 38648K [0x0000000080000000, 0x0000000100000000)
  region size 1024K, 4 young (4096K), 4 survivors (4096K)
 Metaspace       used 47623K, committed 48128K, reserved 491520K
  class space    used 6679K, committed 6912K, reserved 425984K
}
Event: 14.133 GC heap before
{Heap before GC invocations=14 (full 0):
 garbage-first heap   total 86016K, used 69368K [0x0000000080000000, 0x0000000100000000)
  region size 1024K, 34 young (34816K), 4 survivors (4096K)
 Metaspace       used 50632K, committed 51200K, reserved 491520K
  class space    used 7164K, committed 7424K, reserved 425984K
}
Event: 14.137 GC heap after
{Heap after GC invocations=15 (full 0):
 garbage-first heap   total 86016K, used 40845K [0x0000000080000000, 0x0000000100000000)
  region size 1024K, 4 young (4096K), 4 survivors (4096K)
 Metaspace       used 50632K, committed 51200K, reserved 491520K
  class space    used 7164K, committed 7424K, reserved 425984K
}
Event: 14.798 GC heap before
{Heap before GC invocations=15 (full 0):
 garbage-first heap   total 86016K, used 68493K [0x0000000080000000, 0x0000000100000000)
  region size 1024K, 32 young (32768K), 4 survivors (4096K)
 Metaspace       used 51645K, committed 52224K, reserved 491520K
  class space    used 7268K, committed 7552K, reserved 425984K
}
Event: 14.804 GC heap after
{Heap after GC invocations=16 (full 0):
 garbage-first heap   total 86016K, used 44214K [0x0000000080000000, 0x0000000100000000)
  region size 1024K, 4 young (4096K), 4 survivors (4096K)
 Metaspace       used 51645K, committed 52224K, reserved 491520K
  class space    used 7268K, committed 7552K, reserved 425984K
}
Event: 15.317 GC heap before
{Heap before GC invocations=16 (full 0):
 garbage-first heap   total 86016K, used 67766K [0x0000000080000000, 0x0000000100000000)
  region size 1024K, 28 young (28672K), 4 survivors (4096K)
 Metaspace       used 53586K, committed 54144K, reserved 491520K
  class space    used 7581K, committed 7872K, reserved 425984K
}
Event: 15.321 GC heap after
{Heap after GC invocations=17 (full 0):
 garbage-first heap   total 86016K, used 45093K [0x0000000080000000, 0x0000000100000000)
  region size 1024K, 3 young (3072K), 3 survivors (3072K)
 Metaspace       used 53586K, committed 54144K, reserved 491520K
  class space    used 7581K, committed 7872K, reserved 425984K
}
Event: 15.841 GC heap before
{Heap before GC invocations=18 (full 0):
 garbage-first heap   total 86016K, used 57381K [0x0000000080000000, 0x0000000100000000)
  region size 1024K, 16 young (16384K), 3 survivors (3072K)
 Metaspace       used 54497K, committed 55040K, reserved 491520K
  class space    used 7762K, committed 8064K, reserved 425984K
}
Event: 15.844 GC heap after
{Heap after GC invocations=19 (full 0):
 garbage-first heap   total 86016K, used 46056K [0x0000000080000000, 0x0000000100000000)
  region size 1024K, 2 young (2048K), 2 survivors (2048K)
 Metaspace       used 54497K, committed 55040K, reserved 491520K
  class space    used 7762K, committed 8064K, reserved 425984K
}
Event: 16.438 GC heap before
{Heap before GC invocations=20 (full 0):
 garbage-first heap   total 89088K, used 79848K [0x0000000080000000, 0x0000000100000000)
  region size 1024K, 24 young (24576K), 2 survivors (2048K)
 Metaspace       used 56671K, committed 57216K, reserved 491520K
  class space    used 8083K, committed 8320K, reserved 425984K
}
Event: 16.441 GC heap after
{Heap after GC invocations=21 (full 0):
 garbage-first heap   total 89088K, used 61135K [0x0000000080000000, 0x0000000100000000)
  region size 1024K, 3 young (3072K), 3 survivors (3072K)
 Metaspace       used 56671K, committed 57216K, reserved 491520K
  class space    used 8083K, committed 8320K, reserved 425984K
}
Event: 16.468 GC heap before
{Heap before GC invocations=21 (full 0):
 garbage-first heap   total 89088K, used 62159K [0x0000000080000000, 0x0000000100000000)
  region size 1024K, 4 young (4096K), 3 survivors (3072K)
 Metaspace       used 56773K, committed 57344K, reserved 491520K
  class space    used 8091K, committed 8320K, reserved 425984K
}
Event: 16.470 GC heap after
{Heap after GC invocations=22 (full 0):
 garbage-first heap   total 89088K, used 60418K [0x0000000080000000, 0x0000000100000000)
  region size 1024K, 1 young (1024K), 1 survivors (1024K)
 Metaspace       used 56773K, committed 57344K, reserved 491520K
  class space    used 8091K, committed 8320K, reserved 425984K
}
Event: 16.953 GC heap before
{Heap before GC invocations=22 (full 0):
 garbage-first heap   total 89088K, used 73730K [0x0000000080000000, 0x0000000100000000)
  region size 1024K, 14 young (14336K), 1 survivors (1024K)
 Metaspace       used 57783K, committed 58368K, reserved 491520K
  class space    used 8225K, committed 8448K, reserved 425984K
}
Event: 16.955 GC heap after
{Heap after GC invocations=23 (full 0):
 garbage-first heap   total 89088K, used 60854K [0x0000000080000000, 0x0000000100000000)
  region size 1024K, 1 young (1024K), 1 survivors (1024K)
 Metaspace       used 57783K, committed 58368K, reserved 491520K
  class space    used 8225K, committed 8448K, reserved 425984K
}
Event: 17.245 GC heap before
{Heap before GC invocations=24 (full 0):
 garbage-first heap   total 107520K, used 73142K [0x0000000080000000, 0x0000000100000000)
  region size 1024K, 14 young (14336K), 1 survivors (1024K)
 Metaspace       used 58852K, committed 59456K, reserved 491520K
  class space    used 8353K, committed 8640K, reserved 425984K
}
Event: 17.248 GC heap after
{Heap after GC invocations=25 (full 0):
 garbage-first heap   total 107520K, used 62256K [0x0000000080000000, 0x0000000100000000)
  region size 1024K, 2 young (2048K), 2 survivors (2048K)
 Metaspace       used 58852K, committed 59456K, reserved 491520K
  class space    used 8353K, committed 8640K, reserved 425984K
}
Event: 17.295 GC heap before
{Heap before GC invocations=25 (full 0):
 garbage-first heap   total 107520K, used 65328K [0x0000000080000000, 0x0000000100000000)
  region size 1024K, 5 young (5120K), 2 survivors (2048K)
 Metaspace       used 59023K, committed 59584K, reserved 491520K
  class space    used 8379K, committed 8640K, reserved 425984K
}
Event: 17.298 GC heap after
{Heap after GC invocations=26 (full 0):
 garbage-first heap   total 107520K, used 61937K [0x0000000080000000, 0x0000000100000000)
  region size 1024K, 1 young (1024K), 1 survivors (1024K)
 Metaspace       used 59023K, committed 59584K, reserved 491520K
  class space    used 8379K, committed 8640K, reserved 425984K
}
Event: 17.695 GC heap before
{Heap before GC invocations=26 (full 0):
 garbage-first heap   total 107520K, used 86513K [0x0000000080000000, 0x0000000100000000)
  region size 1024K, 25 young (25600K), 1 survivors (1024K)
 Metaspace       used 60476K, committed 61056K, reserved 491520K
  class space    used 8584K, committed 8896K, reserved 425984K
}

Deoptimization events (20 events):
Event: 17.129 Thread 0x0000028e637841b0 Uncommon trap: trap_request=0xffffffde fr.pc=0x0000028e332328ac relative=0x000000000000054c
Event: 17.129 Thread 0x0000028e637841b0 Uncommon trap: reason=class_check action=maybe_recompile pc=0x0000028e332328ac method=kotlin.reflect.jvm.internal.impl.protobuf.CodedInputStream.tryRefillBuffer(I)Z @ 175 c2
Event: 17.129 Thread 0x0000028e637841b0 DEOPT PACKING pc=0x0000028e332328ac sp=0x000000df596f47f0
Event: 17.129 Thread 0x0000028e637841b0 DEOPT UNPACKING pc=0x0000028e32bb23a3 sp=0x000000df596f46d8 mode 2
Event: 17.132 Thread 0x0000028e637841b0 Uncommon trap: trap_request=0xffffffde fr.pc=0x0000028e332328ac relative=0x000000000000054c
Event: 17.132 Thread 0x0000028e637841b0 Uncommon trap: reason=class_check action=maybe_recompile pc=0x0000028e332328ac method=kotlin.reflect.jvm.internal.impl.protobuf.CodedInputStream.tryRefillBuffer(I)Z @ 175 c2
Event: 17.132 Thread 0x0000028e637841b0 DEOPT PACKING pc=0x0000028e332328ac sp=0x000000df596f47f0
Event: 17.132 Thread 0x0000028e637841b0 DEOPT UNPACKING pc=0x0000028e32bb23a3 sp=0x000000df596f46d8 mode 2
Event: 17.133 Thread 0x0000028e637841b0 Uncommon trap: trap_request=0xffffffde fr.pc=0x0000028e332328ac relative=0x000000000000054c
Event: 17.133 Thread 0x0000028e637841b0 Uncommon trap: reason=class_check action=maybe_recompile pc=0x0000028e332328ac method=kotlin.reflect.jvm.internal.impl.protobuf.CodedInputStream.tryRefillBuffer(I)Z @ 175 c2
Event: 17.133 Thread 0x0000028e637841b0 DEOPT PACKING pc=0x0000028e332328ac sp=0x000000df596f48e0
Event: 17.133 Thread 0x0000028e637841b0 DEOPT UNPACKING pc=0x0000028e32bb23a3 sp=0x000000df596f47c8 mode 2
Event: 17.134 Thread 0x0000028e637841b0 Uncommon trap: trap_request=0xffffffde fr.pc=0x0000028e332328ac relative=0x000000000000054c
Event: 17.134 Thread 0x0000028e637841b0 Uncommon trap: reason=class_check action=maybe_recompile pc=0x0000028e332328ac method=kotlin.reflect.jvm.internal.impl.protobuf.CodedInputStream.tryRefillBuffer(I)Z @ 175 c2
Event: 17.134 Thread 0x0000028e637841b0 DEOPT PACKING pc=0x0000028e332328ac sp=0x000000df596f48e0
Event: 17.134 Thread 0x0000028e637841b0 DEOPT UNPACKING pc=0x0000028e32bb23a3 sp=0x000000df596f47c8 mode 2
Event: 17.661 Thread 0x0000028e637841b0 Uncommon trap: trap_request=0xffffff45 fr.pc=0x0000028e333bb854 relative=0x0000000000001874
Event: 17.661 Thread 0x0000028e637841b0 Uncommon trap: reason=unstable_if action=reinterpret pc=0x0000028e333bb854 method=java.util.concurrent.ConcurrentHashMap.computeIfAbsent(Ljava/lang/Object;Ljava/util/function/Function;)Ljava/lang/Object; @ 123 c2
Event: 17.661 Thread 0x0000028e637841b0 DEOPT PACKING pc=0x0000028e333bb854 sp=0x000000df596f5070
Event: 17.661 Thread 0x0000028e637841b0 DEOPT UNPACKING pc=0x0000028e32bb23a3 sp=0x000000df596f5010 mode 2

Classes unloaded (0 events):
No events

Classes redefined (0 events):
No events

Internal exceptions (20 events):
Event: 14.178 Thread 0x0000028e637841b0 Exception <a 'java/lang/NoSuchMethodError'{0x0000000086cc2240}: static Lorg/gradle/api/internal/catalog/AbstractContextAwareModel;.<clinit>()V> (0x0000000086cc2240) 
thrown [s\open\src\hotspot\share\prims\jni.cpp, line 1112]
Event: 14.180 Thread 0x0000028e637841b0 Exception <a 'java/lang/NoSuchMethodError'{0x0000000086cdf898}: static Lorg/gradle/api/internal/artifacts/dependencies/AbstractVersionConstraint;.<clinit>()V> (0x0000000086cdf898) 
thrown [s\open\src\hotspot\share\prims\jni.cpp, line 1112]
Event: 14.194 Thread 0x0000028e637841b0 Exception <a 'java/lang/NoSuchMethodError'{0x0000000086bab3b8}: static Lorg/gradle/api/internal/catalog/PluginModel;.<clinit>()V> (0x0000000086bab3b8) 
thrown [s\open\src\hotspot\share\prims\jni.cpp, line 1112]
Event: 14.196 Thread 0x0000028e637841b0 Exception <a 'java/lang/NoSuchMethodError'{0x0000000086bc6408}: static Lorg/gradle/api/internal/catalog/VersionModel;.<clinit>()V> (0x0000000086bc6408) 
thrown [s\open\src\hotspot\share\prims\jni.cpp, line 1112]
Event: 14.200 Thread 0x0000028e637841b0 Exception <a 'java/lang/NoSuchMethodError'{0x0000000086bdfc30}: 'void java.lang.invoke.DirectMethodHandle$Holder.invokeSpecial(java.lang.Object, java.lang.Object, java.lang.Object, int)'> (0x0000000086bdfc30) 
thrown [s\open\src\hotspot\share\interpreter\linkResolver.cpp, line 759]
Event: 15.805 Thread 0x0000028e637841b0 Implicit null exception at 0x0000028e331a758f to 0x0000028e331a7c60
Event: 15.805 Thread 0x0000028e637841b0 Implicit null exception at 0x0000028e331f6b94 to 0x0000028e331f7264
Event: 16.021 Thread 0x0000028e637841b0 Exception <a 'java/lang/NoSuchMethodError'{0x0000000085021ab8}: static Lorg/jetbrains/kotlin/gradle/plugin/internal/DefaultConfigurationTimePropertiesAccessorVariantFactory;.<clinit>()V> (0x0000000085021ab8) 
thrown [s\open\src\hotspot\share\prims\jni.cpp, line 1112]
Event: 16.023 Thread 0x0000028e637841b0 Exception <a 'java/lang/NoSuchMethodError'{0x00000000850451a8}: static Lorg/jetbrains/kotlin/gradle/plugin/internal/DefaultProjectIsolationStartParameterAccessorVariantFactory;.<clinit>()V> (0x00000000850451a8) 
thrown [s\open\src\hotspot\share\prims\jni.cpp, line 1112]
Event: 16.026 Thread 0x0000028e637841b0 Exception <a 'java/lang/NoSuchMethodError'{0x0000000085078390}: static Lorg/jetbrains/kotlin/gradle/plugin/internal/DefaultArtifactTypeAttributeAccessorVariantFactory;.<clinit>()V> (0x0000000085078390) 
thrown [s\open\src\hotspot\share\prims\jni.cpp, line 1112]
Event: 16.030 Thread 0x0000028e637841b0 Exception <a 'java/lang/NoSuchMethodError'{0x00000000850ab168}: static Lorg/jetbrains/kotlin/gradle/plugin/internal/DefaultCompatibilityConventionRegistrar$Factory;.<clinit>()V> (0x00000000850ab168) 
thrown [s\open\src\hotspot\share\prims\jni.cpp, line 1112]
Event: 16.032 Thread 0x0000028e637841b0 Exception <a 'java/lang/NoSuchMethodError'{0x00000000850cf608}: static Lorg/jetbrains/kotlin/gradle/plugin/internal/DefaultJavaSourceSetsAccessorVariantFactory;.<clinit>()V> (0x00000000850cf608) 
thrown [s\open\src\hotspot\share\prims\jni.cpp, line 1112]
Event: 16.035 Thread 0x0000028e637841b0 Exception <a 'java/lang/NoSuchMethodError'{0x00000000850f2ec0}: static Lorg/jetbrains/kotlin/gradle/plugin/internal/DefaultIdeaSyncDetectorVariantFactory;.<clinit>()V> (0x00000000850f2ec0) 
thrown [s\open\src\hotspot\share\prims\jni.cpp, line 1112]
Event: 16.037 Thread 0x0000028e637841b0 Exception <a 'java/lang/NoSuchMethodError'{0x0000000084f182f0}: static Lorg/jetbrains/kotlin/gradle/plugin/internal/DefaultKotlinTestReportCompatibilityHelperVariantFactory;.<clinit>()V> (0x0000000084f182f0) 
thrown [s\open\src\hotspot\share\prims\jni.cpp, line 1112]
Event: 16.040 Thread 0x0000028e637841b0 Exception <a 'java/lang/NoSuchMethodError'{0x0000000084f3f698}: static Lorg/jetbrains/kotlin/gradle/plugin/internal/DefaultMppTestReportHelperVariantFactory;.<clinit>()V> (0x0000000084f3f698) 
thrown [s\open\src\hotspot\share\prims\jni.cpp, line 1112]
Event: 16.043 Thread 0x0000028e637841b0 Exception <a 'java/lang/NoSuchMethodError'{0x0000000084f73548}: static Lorg/jetbrains/kotlin/gradle/plugin/internal/DefaultConfigurationCacheStartParameterAccessorVariantFactory;.<clinit>()V> (0x0000000084f73548) 
thrown [s\open\src\hotspot\share\prims\jni.cpp, line 1112]
Event: 16.046 Thread 0x0000028e637841b0 Exception <a 'java/lang/NoSuchMethodError'{0x0000000084f98990}: static Lorg/jetbrains/kotlin/gradle/plugin/internal/MavenPluginConfigurator$DefaultMavenPluginConfiguratorVariantFactory;.<clinit>()V> (0x0000000084f98990) 
thrown [s\open\src\hotspot\share\prims\jni.cpp, line 1112]
Event: 16.048 Thread 0x0000028e637841b0 Exception <a 'java/lang/NoSuchMethodError'{0x0000000084fbc530}: static Lorg/jetbrains/kotlin/gradle/targets/js/nodejs/DefaultUnameExecutorVariantFactory;.<clinit>()V> (0x0000000084fbc530) 
thrown [s\open\src\hotspot\share\prims\jni.cpp, line 1112]
Event: 16.050 Thread 0x0000028e637841b0 Exception <a 'java/lang/NoSuchMethodError'{0x0000000084fe0888}: static Lorg/jetbrains/kotlin/gradle/plugin/internal/DefaultBasePluginConfigurationVariantFactory;.<clinit>()V> (0x0000000084fe0888) 
thrown [s\open\src\hotspot\share\prims\jni.cpp, line 1112]
Event: 16.078 Thread 0x0000028e637841b0 Exception <a 'java/lang/IncompatibleClassChangeError'{0x0000000084eb0040}: Found class java.lang.Object, but interface was expected> (0x0000000084eb0040) 
thrown [s\open\src\hotspot\share\interpreter\linkResolver.cpp, line 826]

VM Operations (20 events):
Event: 15.869 Executing VM operation: G1Concurrent done
Event: 15.878 Executing VM operation: G1Concurrent
Event: 15.878 Executing VM operation: G1Concurrent done
Event: 15.911 Executing VM operation: HandshakeAllThreads
Event: 15.911 Executing VM operation: HandshakeAllThreads done
Event: 16.438 Executing VM operation: G1CollectForAllocation
Event: 16.441 Executing VM operation: G1CollectForAllocation done
Event: 16.468 Executing VM operation: G1CollectForAllocation
Event: 16.470 Executing VM operation: G1CollectForAllocation done
Event: 16.952 Executing VM operation: G1CollectForAllocation
Event: 16.955 Executing VM operation: G1CollectForAllocation done
Event: 16.983 Executing VM operation: G1Concurrent
Event: 16.987 Executing VM operation: G1Concurrent done
Event: 16.999 Executing VM operation: G1Concurrent
Event: 16.999 Executing VM operation: G1Concurrent done
Event: 17.245 Executing VM operation: G1CollectForAllocation
Event: 17.248 Executing VM operation: G1CollectForAllocation done
Event: 17.295 Executing VM operation: G1CollectForAllocation
Event: 17.298 Executing VM operation: G1CollectForAllocation done
Event: 17.695 Executing VM operation: G1CollectForAllocation

Events (20 events):
Event: 16.482 loading class sun/reflect/misc/MethodUtil
Event: 16.482 loading class sun/reflect/misc/MethodUtil done
Event: 16.483 loading class sun/reflect/misc/MethodUtil$1
Event: 16.483 loading class sun/reflect/misc/MethodUtil$1 done
Event: 16.496 loading class java/time/temporal/WeekFields
Event: 16.496 loading class java/time/temporal/WeekFields done
Event: 16.497 loading class java/time/temporal/WeekFields$ComputedDayOfField
Event: 16.497 loading class java/time/temporal/WeekFields$ComputedDayOfField done
Event: 16.498 loading class java/time/Month$1
Event: 16.498 loading class java/time/Month$1 done
Event: 16.500 loading class java/nio/channels/Channels$1
Event: 16.500 loading class java/nio/channels/Channels$1 done
Event: 17.113 loading class java/lang/Override
Event: 17.113 loading class java/lang/Override done
Event: 17.315 loading class java/util/regex/Pattern$Pos
Event: 17.316 loading class java/util/regex/Pattern$Pos done
Event: 17.572 loading class java/util/AbstractList$ListItr
Event: 17.572 loading class java/util/AbstractList$ListItr done
Event: 17.668 loading class java/util/regex/Pattern$1
Event: 17.668 loading class java/util/regex/Pattern$1 done


Dynamic libraries:
0x00007ff6ada60000 - 0x00007ff6ada70000 	C:\Users\User\AppData\Local\jdk-17.0.12\bin\java.exe
0x00007ffeb3f90000 - 0x00007ffeb41a7000 	C:\Windows\SYSTEM32\ntdll.dll
0x00007ffeb34c0000 - 0x00007ffeb3584000 	C:\Windows\System32\KERNEL32.DLL
0x00007ffeb12b0000 - 0x00007ffeb165d000 	C:\Windows\System32\KERNELBASE.dll
0x00007ffeb1820000 - 0x00007ffeb1931000 	C:\Windows\System32\ucrtbase.dll
0x00007ffe71530000 - 0x00007ffe7154b000 	C:\Users\User\AppData\Local\jdk-17.0.12\bin\VCRUNTIME140.dll
0x00007ffe9ed10000 - 0x00007ffe9ed29000 	C:\Users\User\AppData\Local\jdk-17.0.12\bin\jli.dll
0x00007ffeb21c0000 - 0x00007ffeb2272000 	C:\Windows\System32\ADVAPI32.dll
0x00007ffeb3a30000 - 0x00007ffeb3ad7000 	C:\Windows\System32\msvcrt.dll
0x00007ffeb2280000 - 0x00007ffeb2329000 	C:\Windows\System32\sechost.dll
0x00007ffeb1c20000 - 0x00007ffeb1c48000 	C:\Windows\System32\bcrypt.dll
0x00007ffeb30f0000 - 0x00007ffeb3204000 	C:\Windows\System32\RPCRT4.dll
0x00007ffeb3310000 - 0x00007ffeb34be000 	C:\Windows\System32\USER32.dll
0x00007ffeb1bf0000 - 0x00007ffeb1c16000 	C:\Windows\System32\win32u.dll
0x00007ffeb23f0000 - 0x00007ffeb2419000 	C:\Windows\System32\GDI32.dll
0x00007ffeb1700000 - 0x00007ffeb1819000 	C:\Windows\System32\gdi32full.dll
0x00007ffeb1660000 - 0x00007ffeb16fa000 	C:\Windows\System32\msvcp_win.dll
0x00007ffe9f520000 - 0x00007ffe9f7b3000 	C:\Windows\WinSxS\amd64_microsoft.windows.common-controls_6595b64144ccf1df_6.0.22621.3672_none_2713b9d173822955\COMCTL32.dll
0x00007ffeaa100000 - 0x00007ffeaa10a000 	C:\Windows\SYSTEM32\VERSION.dll
0x00007ffeb1ce0000 - 0x00007ffeb1d11000 	C:\Windows\System32\IMM32.DLL
0x00007ffe954f0000 - 0x00007ffe954fc000 	C:\Users\User\AppData\Local\jdk-17.0.12\bin\vcruntime140_1.dll
0x00007ffe6f8b0000 - 0x00007ffe6f93e000 	C:\Users\User\AppData\Local\jdk-17.0.12\bin\msvcp140.dll
0x00007ffe54840000 - 0x00007ffe55420000 	C:\Users\User\AppData\Local\jdk-17.0.12\bin\server\jvm.dll
0x00007ffeb2330000 - 0x00007ffeb2338000 	C:\Windows\System32\PSAPI.DLL
0x00007ffead050000 - 0x00007ffead084000 	C:\Windows\SYSTEM32\WINMM.dll
0x00007ffea8d90000 - 0x00007ffea8d99000 	C:\Windows\SYSTEM32\WSOCK32.dll
0x00007ffeb3ed0000 - 0x00007ffeb3f41000 	C:\Windows\System32\WS2_32.dll
0x00007ffeb02c0000 - 0x00007ffeb02d8000 	C:\Windows\SYSTEM32\kernel.appcore.dll
0x00007ffe88240000 - 0x00007ffe8824a000 	C:\Users\User\AppData\Local\jdk-17.0.12\bin\jimage.dll
0x00007ffea85c0000 - 0x00007ffea87f2000 	C:\Windows\SYSTEM32\DBGHELP.DLL
0x00007ffeb3ae0000 - 0x00007ffeb3e6e000 	C:\Windows\System32\combase.dll
0x00007ffeb3590000 - 0x00007ffeb3667000 	C:\Windows\System32\OLEAUT32.dll
0x00007ffe9e780000 - 0x00007ffe9e7b2000 	C:\Windows\SYSTEM32\dbgcore.DLL
0x00007ffeb1940000 - 0x00007ffeb19bb000 	C:\Windows\System32\bcryptPrimitives.dll
0x00007ffe98470000 - 0x00007ffe9847e000 	C:\Users\User\AppData\Local\jdk-17.0.12\bin\instrument.dll
0x00007ffe71360000 - 0x00007ffe71385000 	C:\Users\User\AppData\Local\jdk-17.0.12\bin\java.dll
0x00007ffe6c650000 - 0x00007ffe6c727000 	C:\Users\User\AppData\Local\jdk-17.0.12\bin\jsvml.dll
0x00007ffeb2420000 - 0x00007ffeb2c87000 	C:\Windows\System32\SHELL32.dll
0x00007ffeaf1e0000 - 0x00007ffeafadf000 	C:\Windows\SYSTEM32\windows.storage.dll
0x00007ffeaf0a0000 - 0x00007ffeaf1df000 	C:\Windows\SYSTEM32\wintypes.dll
0x00007ffeb2ee0000 - 0x00007ffeb2fd9000 	C:\Windows\System32\SHCORE.dll
0x00007ffeb3090000 - 0x00007ffeb30ee000 	C:\Windows\System32\shlwapi.dll
0x00007ffeb11e0000 - 0x00007ffeb1207000 	C:\Windows\SYSTEM32\profapi.dll
0x00007ffe6c630000 - 0x00007ffe6c648000 	C:\Users\User\AppData\Local\jdk-17.0.12\bin\zip.dll
0x00007ffe6f890000 - 0x00007ffe6f8a9000 	C:\Users\User\AppData\Local\jdk-17.0.12\bin\net.dll
0x00007ffead160000 - 0x00007ffead296000 	C:\Windows\SYSTEM32\WINHTTP.dll
0x00007ffeb0720000 - 0x00007ffeb0789000 	C:\Windows\system32\mswsock.dll
0x00007ffe6cad0000 - 0x00007ffe6cae6000 	C:\Users\User\AppData\Local\jdk-17.0.12\bin\nio.dll
0x00007ffe80d70000 - 0x00007ffe80d80000 	C:\Users\User\AppData\Local\jdk-17.0.12\bin\verify.dll
0x00007ffeaa7f0000 - 0x00007ffeaa817000 	C:\Users\User\.gradle\native\c067742578af261105cb4f569cf0c3c89f3d7b1fecec35dd04571415982c5e48\windows-amd64\native-platform.dll
0x00007ffe67240000 - 0x00007ffe67384000 	C:\Users\User\.gradle\native\100fb08df4bc3b14c8652ba06237920a3bd2aa13389f12d3474272988ae205f9\windows-amd64\native-platform-file-events.dll
0x00007ffe9b5f0000 - 0x00007ffe9b5fa000 	C:\Users\User\AppData\Local\jdk-17.0.12\bin\management.dll
0x00007ffe9b5e0000 - 0x00007ffe9b5eb000 	C:\Users\User\AppData\Local\jdk-17.0.12\bin\management_ext.dll
0x00007ffeb0a70000 - 0x00007ffeb0a8b000 	C:\Windows\SYSTEM32\CRYPTSP.dll
0x00007ffeb0220000 - 0x00007ffeb0255000 	C:\Windows\system32\rsaenh.dll
0x00007ffeb07c0000 - 0x00007ffeb07e8000 	C:\Windows\SYSTEM32\USERENV.dll
0x00007ffeb0a50000 - 0x00007ffeb0a5c000 	C:\Windows\SYSTEM32\CRYPTBASE.dll
0x00007ffeafd80000 - 0x00007ffeafdad000 	C:\Windows\SYSTEM32\IPHLPAPI.DLL
0x00007ffeb2c90000 - 0x00007ffeb2c99000 	C:\Windows\System32\NSI.dll
0x00007ffead650000 - 0x00007ffead669000 	C:\Windows\SYSTEM32\dhcpcsvc6.DLL
0x00007ffead2e0000 - 0x00007ffead2ff000 	C:\Windows\SYSTEM32\dhcpcsvc.DLL
0x00007ffeafe00000 - 0x00007ffeafef8000 	C:\Windows\SYSTEM32\DNSAPI.dll
0x00007ffe8bf00000 - 0x00007ffe8bf0e000 	C:\Users\User\AppData\Local\jdk-17.0.12\bin\sunmscapi.dll
0x00007ffeb1a80000 - 0x00007ffeb1be6000 	C:\Windows\System32\CRYPT32.dll
0x00007ffeb0bf0000 - 0x00007ffeb0c1e000 	C:\Windows\SYSTEM32\ncrypt.dll
0x00007ffeb0bb0000 - 0x00007ffeb0be7000 	C:\Windows\SYSTEM32\NTASN1.dll
0x00007ffea8ce0000 - 0x00007ffea8ce8000 	C:\Windows\system32\wshunix.dll

dbghelp: loaded successfully - version: 4.0.5 - missing functions: none
symbol engine: initialized successfully - sym options: 0x614 - pdb path: .;C:\Users\User\AppData\Local\jdk-17.0.12\bin;C:\Windows\SYSTEM32;C:\Windows\WinSxS\amd64_microsoft.windows.common-controls_6595b64144ccf1df_6.0.22621.3672_none_2713b9d173822955;C:\Users\User\AppData\Local\jdk-17.0.12\bin\server;C:\Users\User\.gradle\native\c067742578af261105cb4f569cf0c3c89f3d7b1fecec35dd04571415982c5e48\windows-amd64;C:\Users\User\.gradle\native\100fb08df4bc3b14c8652ba06237920a3bd2aa13389f12d3474272988ae205f9\windows-amd64

VM Arguments:
jvm_args: -XX:MaxMetaspaceSize=512m --add-opens=java.base/java.util=ALL-UNNAMED --add-opens=java.base/java.lang=ALL-UNNAMED --add-opens=java.base/java.lang.invoke=ALL-UNNAMED --add-opens=java.prefs/java.util.prefs=ALL-UNNAMED --add-opens=java.base/java.nio.charset=ALL-UNNAMED --add-opens=java.base/java.net=ALL-UNNAMED --add-opens=java.base/java.util.concurrent.atomic=ALL-UNNAMED -Xmx2048m -Dfile.encoding=windows-1252 -Duser.country=ID -Duser.language=en -Duser.variant -javaagent:C:\Users\User\.gradle\wrapper\dists\gradle-8.8-all\6gdy1pgp427xkqcjbxw3ylt6h\gradle-8.8\lib\agents\gradle-instrumentation-agent-8.8.jar 
java_command: org.gradle.launcher.daemon.bootstrap.GradleDaemon 8.8
java_class_path (initial): C:\Users\User\.gradle\wrapper\dists\gradle-8.8-all\6gdy1pgp427xkqcjbxw3ylt6h\gradle-8.8\lib\gradle-launcher-8.8.jar
Launcher Type: SUN_STANDARD

[Global flags]
     intx CICompilerCount                          = 4                                         {product} {ergonomic}
   size_t CompressedClassSpaceSize                 = 436207616                                 {product} {ergonomic}
     uint ConcGCThreads                            = 3                                         {product} {ergonomic}
     uint G1ConcRefinementThreads                  = 10                                        {product} {ergonomic}
   size_t G1HeapRegionSize                         = 1048576                                   {product} {ergonomic}
    uintx GCDrainStackTargetSize                   = 64                                        {product} {ergonomic}
   size_t InitialHeapSize                          = 125829120                                 {product} {ergonomic}
   size_t MarkStackSize                            = 4194304                                   {product} {ergonomic}
   size_t MaxHeapSize                              = 2147483648                                {product} {command line}
   size_t MaxMetaspaceSize                         = 536870912                                 {product} {command line}
   size_t MaxNewSize                               = 1287651328                                {product} {ergonomic}
   size_t MinHeapDeltaBytes                        = 1048576                                   {product} {ergonomic}
   size_t MinHeapSize                              = 8388608                                   {product} {ergonomic}
    uintx NonNMethodCodeHeapSize                   = 5839372                                {pd product} {ergonomic}
    uintx NonProfiledCodeHeapSize                  = 122909434                              {pd product} {ergonomic}
    uintx ProfiledCodeHeapSize                     = 122909434                              {pd product} {ergonomic}
    uintx ReservedCodeCacheSize                    = 251658240                              {pd product} {ergonomic}
     bool SegmentedCodeCache                       = true                                      {product} {ergonomic}
   size_t SoftMaxHeapSize                          = 2147483648                             {manageable} {ergonomic}
     bool UseCompressedClassPointers               = true                           {product lp64_product} {ergonomic}
     bool UseCompressedOops                        = true                           {product lp64_product} {ergonomic}
     bool UseG1GC                                  = true                                      {product} {ergonomic}
     bool UseLargePagesIndividualAllocation        = false                                  {pd product} {ergonomic}

Logging:
Log output configuration:
 #0: stdout all=warning uptime,level,tags
 #1: stderr all=off uptime,level,tags

Environment Variables:
JAVA_HOME=C:\Users\User\AppData\Local\jdk-17.0.12
CLASSPATH=C:\Users\User\Documents\KULIAH\SEMESTER 5\PPM\PPM-NAVIGASI\android\\gradle\wrapper\gradle-wrapper.jar
PATH=C:\Users\User\Documents\KULIAH\SEMESTER 5\PPM\PPM-NAVIGASI\node_modules\.bin;C:\Users\User\Documents\KULIAH\SEMESTER 5\PPM\PPM-NAVIGASI\node_modules\.bin;C:\Users\User\Documents\KULIAH\SEMESTER 5\PPM\node_modules\.bin;C:\Users\User\Documents\KULIAH\SEMESTER 5\node_modules\.bin;C:\Users\User\Documents\KULIAH\node_modules\.bin;C:\Users\User\Documents\node_modules\.bin;C:\Users\User\node_modules\.bin;C:\Users\node_modules\.bin;C:\node_modules\.bin;C:\Users\User\AppData\Roaming\npm\node_modules\npm\node_modules\@npmcli\run-script\lib\node-gyp-bin;C:\Users\User\Documents\KULIAH\SEMESTER 5\PPM\PPM-NAVIGASI\node_modules\.bin;C:\Users\User\Documents\KULIAH\SEMESTER 5\PPM\PPM-NAVIGASI\node_modules\.bin;C:\Users\User\Documents\KULIAH\SEMESTER 5\PPM\node_modules\.bin;C:\Users\User\Documents\KULIAH\SEMESTER 5\node_modules\.bin;C:\Users\User\Documents\KULIAH\node_modules\.bin;C:\Users\User\Documents\node_modules\.bin;C:\Users\User\node_modules\.bin;C:\Users\node_modules\.bin;C:\node_modules\.bin;C:\Users\User\AppData\Roaming\npm\node_modules\npm\node_modules\@npmcli\run-script\lib\node-gyp-bin;C:\Python312\Scripts\;C:\Python312\;C:\Program Files\Common Files\Oracle\Java\javapath;C:\Windows\system32;C:\Windows;C:\Windows\System32\Wbem;C:\Windows\System32\WindowsPowerShell\v1.0\;C:\Windows\System32\OpenSSH\;C:\Program Files\nodejs\;C:\ProgramData\chocolatey\bin;C:\Users\User\AppData\Local\Android\Sdk\platform-tools;C:\Users\User\AppData\Local\Android\Sdk\build-tools\34.0.0;C:\Users\User\AppData\Local\Android\Sdk\tools;C:\Users\User\AppData\Local\Android\Sdk\tools\bin;C:\Users\User\AppData\Local\Android\Sdk\cmdline-tools\latest\bin;C:\Users\User\AppData\Local\Android\Sdk\platform-tools;C:\Program Files\Git\cmd;C:\Users\User\AppData\Local\jdk-17.0.12\bin;C:\Users\User\AppData\Local\Microsoft\WindowsApps;C:\Users\User\AppData\Roaming\npm;C:\Users\User\AppData\Local\Android\Sdk\platform-tools;C:\Users\User\AppData\Local\Android\Sdk\cmdline-tools\latest\bin;C:\Users\User\AppData\Loca
USERNAME=User
LANG=en_US.UTF-8
OS=Windows_NT
PROCESSOR_IDENTIFIER=AMD64 Family 23 Model 104 Stepping 1, AuthenticAMD



---------------  S Y S T E M  ---------------

OS:
 Windows 11 , 64 bit Build 22621 (10.0.22621.3958)
OS uptime: 9 days 17:25 hours
Hyper-V role detected

CPU: total 12 (initial active 12) (12 cores per cpu, 2 threads per core) family 23 model 104 stepping 1 microcode 0x0, cx8, cmov, fxsr, ht, mmx, 3dnowpref, sse, sse2, sse3, ssse3, sse4a, sse4.1, sse4.2, popcnt, lzcnt, tsc, tscinvbit, avx, avx2, aes, clmul, bmi1, bmi2, adx, sha, fma, vzeroupper, clflush, clflushopt, hv

Memory: 4k page, system-wide physical 7563M (249M free)
TotalPageFile size 20563M (AvailPageFile size 21M)
current process WorkingSet (physical memory assigned to process): 288M, peak: 288M
current process commit charge ("private bytes"): 348M, peak: 374M

vm_info: Java HotSpot(TM) 64-Bit Server VM (17.0.12+8-LTS-286) for windows-amd64 JRE (17.0.12+8-LTS-286), built on Jun  5 2024 06:46:59 by "mach5one" with MS VC++ 17.6 (VS2022)

END.
